error: errror retrieving feed results Cannot read property '0' of undefined {"stack":"TypeError: Cannot read property '0' of undefined\n    at /Users/loganharless/Desktop/code/cbp_listing_order/src/check_rss.ts:32:16\n    at processTicksAndRejections (node:internal/process/task_queues:96:5)","timestamp":"2021-10-28T05:31:45.907Z"}
error: errror retrieving feed results Cannot read property '0' of undefined {"stack":"TypeError: Cannot read property '0' of undefined\n    at /Users/loganharless/Desktop/code/cbp_listing_order/src/check_rss.ts:32:16\n    at processTicksAndRejections (node:internal/process/task_queues:96:5)","timestamp":"2021-10-28T05:34:52.483Z"}
error: errror retrieving feed results Cannot read property '0' of undefined {"stack":"TypeError: Cannot read property '0' of undefined\n    at /Users/loganharless/Desktop/code/cbp_listing_order/src/check_rss.ts:32:16\n    at processTicksAndRejections (node:internal/process/task_queues:96:5)","timestamp":"2021-10-28T05:36:40.664Z"}
error: errror retrieving feed results Cannot read property '0' of undefined {"stack":"TypeError: Cannot read property '0' of undefined\n    at /Users/loganharless/Desktop/code/cbp_listing_order/src/check_rss.ts:35:16\n    at step (/Users/loganharless/Desktop/code/cbp_listing_order/dist/check_rss.js:128:17)\n    at Object.next (/Users/loganharless/Desktop/code/cbp_listing_order/dist/check_rss.js:59:14)\n    at fulfilled (/Users/loganharless/Desktop/code/cbp_listing_order/dist/check_rss.js:13:24)\n    at processTicksAndRejections (node:internal/process/task_queues:96:5)","timestamp":"2021-10-28T05:42:33.427Z"}
error: errror retrieving feed results Cannot read property '0' of undefined {"stack":"TypeError: Cannot read property '0' of undefined\n    at /Users/loganharless/Desktop/code/cbp_listing_order/src/check_rss.ts:35:16\n    at step (/Users/loganharless/Desktop/code/cbp_listing_order/dist/check_rss.js:128:17)\n    at Object.next (/Users/loganharless/Desktop/code/cbp_listing_order/dist/check_rss.js:59:14)\n    at fulfilled (/Users/loganharless/Desktop/code/cbp_listing_order/dist/check_rss.js:13:24)\n    at processTicksAndRejections (node:internal/process/task_queues:96:5)","timestamp":"2021-10-28T05:43:50.730Z"}
error: errror retrieving feed results Cannot read property '0' of undefined {"stack":"TypeError: Cannot read property '0' of undefined\n    at /Users/loganharless/Desktop/code/cbp_listing_order/src/check_rss.ts:35:16\n    at step (/Users/loganharless/Desktop/code/cbp_listing_order/dist/check_rss.js:128:17)\n    at Object.next (/Users/loganharless/Desktop/code/cbp_listing_order/dist/check_rss.js:59:14)\n    at fulfilled (/Users/loganharless/Desktop/code/cbp_listing_order/dist/check_rss.js:13:24)\n    at processTicksAndRejections (node:internal/process/task_queues:96:5)","timestamp":"2021-10-28T05:44:00.736Z"}
error: errror retrieving feed results Cannot read property '0' of undefined {"stack":"TypeError: Cannot read property '0' of undefined\n    at /Users/loganharless/Desktop/code/cbp_listing_order/src/check_rss.ts:35:16\n    at step (/Users/loganharless/Desktop/code/cbp_listing_order/dist/check_rss.js:128:17)\n    at Object.next (/Users/loganharless/Desktop/code/cbp_listing_order/dist/check_rss.js:59:14)\n    at fulfilled (/Users/loganharless/Desktop/code/cbp_listing_order/dist/check_rss.js:13:24)\n    at processTicksAndRejections (node:internal/process/task_queues:96:5)","timestamp":"2021-10-28T05:44:06.781Z"}
warn: extracted regex value didn't pass the next layer of validation {"timestamp":"2021-10-28T05:45:14.520Z"}
warn: the title was ARPA Chain ARPA), Bounce (AUCTION and Perpetual Protocol ( PERP) are launching on Coinbase Pro {"timestamp":"2021-10-28T05:45:14.521Z"}
warn: extracted regex value didn't pass the next layer of validation {"timestamp":"2021-10-28T05:45:14.521Z"}
warn: the title was  {"timestamp":"2021-10-28T05:45:14.521Z"}
error: errror retrieving feed results Cannot read property '0' of undefined {"stack":"TypeError: Cannot read property '0' of undefined\n    at /Users/loganharless/Desktop/code/cbp_listing_order/src/check_rss.ts:35:16\n    at step (/Users/loganharless/Desktop/code/cbp_listing_order/dist/check_rss.js:128:17)\n    at Object.next (/Users/loganharless/Desktop/code/cbp_listing_order/dist/check_rss.js:59:14)\n    at fulfilled (/Users/loganharless/Desktop/code/cbp_listing_order/dist/check_rss.js:13:24)\n    at processTicksAndRejections (node:internal/process/task_queues:96:5)","timestamp":"2021-10-28T05:45:14.756Z"}
warn: extracted regex value didn't pass the next layer of validation {"timestamp":"2021-10-28T05:47:16.810Z"}
warn: the title was ARPA Chain ARPA), Bounce (AUCTION and Perpetual Protocol ( PERP) are launching on Coinbase Pro {"timestamp":"2021-10-28T05:47:16.810Z"}
warn: extracted regex value didn't pass the next layer of validation {"timestamp":"2021-10-28T05:47:16.810Z"}
warn: the title was  {"timestamp":"2021-10-28T05:47:16.810Z"}
error: errror retrieving feed results Cannot read property '0' of undefined {"stack":"TypeError: Cannot read property '0' of undefined\n    at /Users/loganharless/Desktop/code/cbp_listing_order/src/check_rss.ts:35:16\n    at step (/Users/loganharless/Desktop/code/cbp_listing_order/dist/check_rss.js:128:17)\n    at Object.next (/Users/loganharless/Desktop/code/cbp_listing_order/dist/check_rss.js:59:14)\n    at fulfilled (/Users/loganharless/Desktop/code/cbp_listing_order/dist/check_rss.js:13:24)\n    at processTicksAndRejections (node:internal/process/task_queues:96:5)","timestamp":"2021-10-28T05:47:17.171Z"}
warn: extracted regex value didn't pass the next layer of validation {"timestamp":"2021-10-28T05:48:11.146Z"}
warn: the title was ARPA Chain ARPA), Bounce (AUCTION and Perpetual Protocol ( PERP) are launching on Coinbase Pro {"timestamp":"2021-10-28T05:48:11.146Z"}
warn: extracted regex value didn't pass the next layer of validation {"timestamp":"2021-10-28T05:48:11.146Z"}
warn: the title was  {"timestamp":"2021-10-28T05:48:11.146Z"}
error: errror retrieving feed results Cannot read property '0' of undefined {"stack":"TypeError: Cannot read property '0' of undefined\n    at /Users/loganharless/Desktop/code/cbp_listing_order/src/check_rss.ts:35:16\n    at step (/Users/loganharless/Desktop/code/cbp_listing_order/dist/check_rss.js:128:17)\n    at Object.next (/Users/loganharless/Desktop/code/cbp_listing_order/dist/check_rss.js:59:14)\n    at fulfilled (/Users/loganharless/Desktop/code/cbp_listing_order/dist/check_rss.js:13:24)\n    at processTicksAndRejections (node:internal/process/task_queues:96:5)","timestamp":"2021-10-28T05:48:11.386Z"}
warn: extracted regex value didn't pass the next layer of validation {"timestamp":"2021-10-28T05:48:38.314Z"}
warn: the title was ARPA Chain ARPA), Bounce (AUCTION and Perpetual Protocol ( PERP) are launching on Coinbase Pro {"timestamp":"2021-10-28T05:48:38.315Z"}
warn: extracted regex value didn't pass the next layer of validation {"timestamp":"2021-10-28T05:48:38.315Z"}
warn: the title was  {"timestamp":"2021-10-28T05:48:38.315Z"}
error: errror retrieving feed results Cannot read property '0' of undefined {"stack":"TypeError: Cannot read property '0' of undefined\n    at /Users/loganharless/Desktop/code/cbp_listing_order/src/check_rss.ts:35:16\n    at step (/Users/loganharless/Desktop/code/cbp_listing_order/dist/check_rss.js:128:17)\n    at Object.next (/Users/loganharless/Desktop/code/cbp_listing_order/dist/check_rss.js:59:14)\n    at fulfilled (/Users/loganharless/Desktop/code/cbp_listing_order/dist/check_rss.js:13:24)\n    at processTicksAndRejections (node:internal/process/task_queues:96:5)","timestamp":"2021-10-28T05:48:38.589Z"}
warn: extracted regex value didn't pass the next layer of validation {"timestamp":"2021-10-28T05:49:13.674Z"}
warn: the title was ARPA Chain ARPA), Bounce (AUCTION and Perpetual Protocol ( PERP) are launching on Coinbase Pro {"timestamp":"2021-10-28T05:49:13.675Z"}
warn: extracted regex value didn't pass the next layer of validation {"timestamp":"2021-10-28T05:49:13.675Z"}
warn: the title was  {"timestamp":"2021-10-28T05:49:13.675Z"}
error: errror retrieving feed results Cannot read property '0' of undefined {"stack":"TypeError: Cannot read property '0' of undefined\n    at /Users/loganharless/Desktop/code/cbp_listing_order/src/check_rss.ts:37:16\n    at step (/Users/loganharless/Desktop/code/cbp_listing_order/dist/check_rss.js:128:17)\n    at Object.next (/Users/loganharless/Desktop/code/cbp_listing_order/dist/check_rss.js:59:14)\n    at fulfilled (/Users/loganharless/Desktop/code/cbp_listing_order/dist/check_rss.js:13:24)\n    at processTicksAndRejections (node:internal/process/task_queues:96:5)","timestamp":"2021-10-28T05:49:14.242Z"}
warn: extracted regex value didn't pass the next layer of validation {"timestamp":"2021-10-28T05:49:47.497Z"}
warn: the title was ARPA Chain ARPA), Bounce (AUCTION and Perpetual Protocol ( PERP) are launching on Coinbase Pro {"timestamp":"2021-10-28T05:49:47.498Z"}
warn: extracted regex value didn't pass the next layer of validation {"timestamp":"2021-10-28T05:49:47.498Z"}
warn: the title was  {"timestamp":"2021-10-28T05:49:47.498Z"}
error: errror retrieving feed results Cannot read property '0' of undefined {"stack":"TypeError: Cannot read property '0' of undefined\n    at /Users/loganharless/Desktop/code/cbp_listing_order/src/check_rss.ts:39:16\n    at step (/Users/loganharless/Desktop/code/cbp_listing_order/dist/check_rss.js:128:17)\n    at Object.next (/Users/loganharless/Desktop/code/cbp_listing_order/dist/check_rss.js:59:14)\n    at fulfilled (/Users/loganharless/Desktop/code/cbp_listing_order/dist/check_rss.js:13:24)\n    at processTicksAndRejections (node:internal/process/task_queues:96:5)","timestamp":"2021-10-28T05:49:47.782Z"}
warn: extracted regex value didn't pass the next layer of validation {"timestamp":"2021-10-28T05:50:45.253Z"}
warn: the title was ARPA Chain ARPA), Bounce (AUCTION and Perpetual Protocol ( PERP) are launching on Coinbase Pro {"timestamp":"2021-10-28T05:50:45.254Z"}
warn: extracted regex value didn't pass the next layer of validation {"timestamp":"2021-10-28T05:50:45.254Z"}
warn: the title was  {"timestamp":"2021-10-28T05:50:45.254Z"}
info: Launching coinbase monitoring cronjob {"timestamp":"2021-10-28T05:55:17.008Z"}
